<?xml version="1.0" encoding="UTF-8"?>
<!-- Generated by org.testng.reporters.JUnitXMLReporter -->
<testsuite ignored="362" hostname="DESKTOP-G1OI83H" failures="0" tests="1" name="Verify Home Page in Shopify" time="1.405" errors="0" timestamp="07 Sep 2023 11:48:57 GMT">
  <testcase classname="com.superlemon.RegressionTest" name="@BeforeTest browserOpen" time="0.015">
    <failure type="java.lang.NullPointerException" message="Cannot invoke &amp;quot;String.equals(Object)&amp;quot; because the return value of &amp;quot;java.lang.System.getProperty(String)&amp;quot; is null">
      <![CDATA[java.lang.NullPointerException: Cannot invoke "String.equals(Object)" because the return value of "java.lang.System.getProperty(String)" is null
at utils.DriverBase.browserOpen(DriverBase.java:124)
at com.superlemon.RegressionTest.browserOpen(RegressionTest.java:82)
... Removed 22 stack frames]]>
    </failure>
  </testcase> <!-- @BeforeTest browserOpen -->
  <testcase classname="com.superlemon.RegressionTest" name="@BeforeMethod login" time="1.009">
    <failure type="java.lang.NullPointerException" message="Cannot invoke &amp;quot;String.equals(Object)&amp;quot; because &amp;quot;utils.DriverBase.environment&amp;quot; is null">
      <![CDATA[java.lang.NullPointerException: Cannot invoke "String.equals(Object)" because "utils.DriverBase.environment" is null
at utils.DriverBase.enterURL(DriverBase.java:352)
at com.superlemon.RegressionTest.login(RegressionTest.java:89)
... Removed 26 stack frames]]>
    </failure>
  </testcase> <!-- @BeforeMethod login -->
  <testcase classname="com.superlemon.RegressionTest" name="@AfterMethod logout" time="0.008">
    <failure type="java.lang.NullPointerException" message="Cannot invoke &amp;quot;org.openqa.selenium.WebDriver.getWindowHandle()&amp;quot; because &amp;quot;utils.DriverBase.driver&amp;quot; is null">
      <![CDATA[java.lang.NullPointerException: Cannot invoke "org.openqa.selenium.WebDriver.getWindowHandle()" because "utils.DriverBase.driver" is null
at commonFunctions.CommonFunctions.closeAllChildWindows(CommonFunctions.java:738)
at com.superlemon.RegressionTest.logout(RegressionTest.java:3631)
... Removed 26 stack frames]]>
    </failure>
  </testcase> <!-- @AfterMethod logout -->
  <testcase classname="com.superlemon.RegressionTest" name="VerifyCrossSellCheckBoxUnchecked" time="0.0">
    <skipped/>
  </testcase> <!-- VerifyCrossSellCheckBoxUnchecked -->
  <testcase classname="com.superlemon.RegressionTest" name="VerifyOptinvia_ChatwidgetDisableonStore" time="0.0">
    <ignored/>
  </testcase> <!-- VerifyOptinvia_ChatwidgetDisableonStore -->
  <testcase classname="com.superlemon.RegressionTest" name="VerifyTimestampInAttemptedSection" time="0.0">
    <ignored/>
  </testcase> <!-- VerifyTimestampInAttemptedSection -->
  <testcase classname="com.superlemon.RegressionTest" name="verifyClearAllButtonOnFilterInEmailLogs" time="0.0">
    <ignored/>
  </testcase> <!-- verifyClearAllButtonOnFilterInEmailLogs -->
  <testcase classname="com.superlemon.RegressionTest" name="verifyDuplicateTag" time="0.0">
    <ignored/>
  </testcase> <!-- verifyDuplicateTag -->
  <testcase classname="com.superlemon.RegressionTest" name="verifyEditTemplatePlaceholders" time="0.0">
    <ignored/>
  </testcase> <!-- verifyEditTemplatePlaceholders -->
  <testcase classname="com.superlemon.RegressionTest" name="VerifyOldProKnowMoreBtn" time="0.0">
    <ignored/>
  </testcase> <!-- VerifyOldProKnowMoreBtn -->
  <testcase classname="com.superlemon.RegressionTest" name="VerifyTemplateNameNotEmpty" time="0.0">
    <ignored/>
  </testcase> <!-- VerifyTemplateNameNotEmpty -->
  <testcase classname="com.superlemon.RegressionTest" name="checkDiscountTextExclusionInOrderEmailTemplate" time="0.0">
    <ignored/>
  </testcase> <!-- checkDiscountTextExclusionInOrderEmailTemplate -->
  <testcase classname="com.superlemon.RegressionTest" name="checkCountryCodeValidationCODEmailTemplateCallSetting" time="0.0">
    <ignored/>
  </testcase> <!-- checkCountryCodeValidationCODEmailTemplateCallSetting -->
  <testcase classname="com.superlemon.RegressionTest" name="checkDiscountTextExclusionInABCartEmailTemplate" time="0.0">
    <ignored/>
  </testcase> <!-- checkDiscountTextExclusionInABCartEmailTemplate -->
  <testcase classname="com.superlemon.RegressionTest" name="VerifyAllCustomersTutorial" time="0.0">
    <ignored/>
  </testcase> <!-- VerifyAllCustomersTutorial -->
  <testcase classname="com.superlemon.RegressionTest" name="verifyOrderIDSearchBox" time="0.0">
    <ignored/>
  </testcase> <!-- verifyOrderIDSearchBox -->
  <testcase classname="com.superlemon.RegressionTest" name="verifyCreatedTemplate" time="0.0">
    <ignored/>
  </testcase> <!-- verifyCreatedTemplate -->
  <testcase classname="com.superlemon.RegressionTest" name="VerifyGrowthPromotionalKnowMoreBtn" time="0.0">
    <ignored/>
  </testcase> <!-- VerifyGrowthPromotionalKnowMoreBtn -->
  <testcase classname="com.superlemon.RegressionTest" name="VerifyVideoWarning" time="0.0">
    <ignored/>
  </testcase> <!-- VerifyVideoWarning -->
  <testcase classname="com.superlemon.RegressionTest" name="checkSelectUnselectCODCancellationCheckboxes" time="0.0">
    <ignored/>
  </testcase> <!-- checkSelectUnselectCODCancellationCheckboxes -->
  <testcase classname="com.superlemon.RegressionTest" name="verifyManualMessagingPage" time="0.0">
    <ignored/>
  </testcase> <!-- verifyManualMessagingPage -->
  <testcase classname="com.superlemon.RegressionTest" name="VerifyApplyTagsinOrderCRM" time="0.0">
    <ignored/>
  </testcase> <!-- VerifyApplyTagsinOrderCRM -->
  <testcase classname="com.superlemon.RegressionTest" name="verifyEmptyTemplateDiscountField" time="0.0">
    <ignored/>
  </testcase> <!-- verifyEmptyTemplateDiscountField -->
  <testcase classname="com.superlemon.RegressionTest" name="checkTimeStampColumn" time="0.0">
    <ignored/>
  </testcase> <!-- checkTimeStampColumn -->
  <testcase classname="com.superlemon.RegressionTest" name="VerifyVideofileSizeLimit" time="0.0">
    <ignored/>
  </testcase> <!-- VerifyVideofileSizeLimit -->
  <testcase classname="com.superlemon.RegressionTest" name="verifyWAdesktopAppHyperlinkSettings" time="0.0">
    <ignored/>
  </testcase> <!-- verifyWAdesktopAppHyperlinkSettings -->
  <testcase classname="com.superlemon.RegressionTest" name="checkAddDiscountOrderConfirmationEmailTemplate" time="0.0">
    <ignored/>
  </testcase> <!-- checkAddDiscountOrderConfirmationEmailTemplate -->
  <testcase classname="com.superlemon.RegressionTest" name="checkEditTemplate" time="0.0">
    <ignored/>
  </testcase> <!-- checkEditTemplate -->
  <testcase classname="com.superlemon.RegressionTest" name="verifyPromotionalEnableDisableAndSettings" time="0.0">
    <ignored/>
  </testcase> <!-- verifyPromotionalEnableDisableAndSettings -->
  <testcase classname="com.superlemon.RegressionTest" name="checkButtonPositionChat" time="0.0">
    <ignored/>
  </testcase> <!-- checkButtonPositionChat -->
  <testcase classname="com.superlemon.RegressionTest" name="checkSupportNumberUpdate" time="0.0">
    <ignored/>
  </testcase> <!-- checkSupportNumberUpdate -->
  <testcase classname="com.superlemon.RegressionTest" name="checkShareCount" time="0.0">
    <ignored/>
  </testcase> <!-- checkShareCount -->
  <testcase classname="com.superlemon.RegressionTest" name="checkAddDiscountABCART" time="0.0">
    <ignored/>
  </testcase> <!-- checkAddDiscountABCART -->
  <testcase classname="com.superlemon.RegressionTest" name="VerifyHeaderColourofOptinviachatwidget" time="0.0">
    <ignored/>
  </testcase> <!-- VerifyHeaderColourofOptinviachatwidget -->
  <testcase classname="com.superlemon.RegressionTest" name="VerifyClearButtonInEmailLogs" time="0.0">
    <ignored/>
  </testcase> <!-- VerifyClearButtonInEmailLogs -->
  <testcase classname="com.superlemon.RegressionTest" name="VerifyEngageFeatureList" time="0.0">
    <ignored/>
  </testcase> <!-- VerifyEngageFeatureList -->
  <testcase classname="com.superlemon.RegressionTest" name="VerifyAbdandedCartOldTemplateMsg" time="0.0">
    <ignored/>
  </testcase> <!-- VerifyAbdandedCartOldTemplateMsg -->
  <testcase classname="com.superlemon.RegressionTest" name="CheckValidMarketingCampaign_MonthlyLimit" time="0.0">
    <ignored/>
  </testcase> <!-- CheckValidMarketingCampaign_MonthlyLimit -->
  <testcase classname="com.superlemon.RegressionTest" name="VerifyOptinpreview" time="0.0">
    <ignored/>
  </testcase> <!-- VerifyOptinpreview -->
  <testcase classname="com.superlemon.RegressionTest" name="verifyClosePopup" time="0.0">
    <ignored/>
  </testcase> <!-- verifyClosePopup -->
  <testcase classname="com.superlemon.RegressionTest" name="checkAddFixedDiscountOderConfirmationEmailTemplate" time="0.0">
    <ignored/>
  </testcase> <!-- checkAddFixedDiscountOderConfirmationEmailTemplate -->
  <testcase classname="com.superlemon.RegressionTest" name="VerifyDataTableOrderCRM" time="0.0">
    <ignored/>
  </testcase> <!-- VerifyDataTableOrderCRM -->
  <testcase classname="com.superlemon.RegressionTest" name="VerifySendMessageinOrderCRM" time="0.0">
    <ignored/>
  </testcase> <!-- VerifySendMessageinOrderCRM -->
  <testcase classname="com.superlemon.RegressionTest" name="VerifyFilters" time="0.0">
    <ignored/>
  </testcase> <!-- VerifyFilters -->
  <testcase classname="com.superlemon.RegressionTest" name="VerifyMessageSubSection" time="0.0">
    <ignored/>
  </testcase> <!-- VerifyMessageSubSection -->
  <testcase classname="com.superlemon.RegressionTest" name="checkFilterForColumnsInEmailLogs" time="0.0">
    <ignored/>
  </testcase> <!-- checkFilterForColumnsInEmailLogs -->
  <testcase classname="com.superlemon.RegressionTest" name="VerifyClearFilterTagsInEmailLogs" time="0.0">
    <ignored/>
  </testcase> <!-- VerifyClearFilterTagsInEmailLogs -->
  <testcase classname="com.superlemon.RegressionTest" name="checkSupportEmailAdditionInEmailBody" time="0.0">
    <ignored/>
  </testcase> <!-- checkSupportEmailAdditionInEmailBody -->
  <testcase classname="com.superlemon.RegressionTest" name="checkTrackingUrlConfigurationOrderShipment" time="0.0">
    <ignored/>
  </testcase> <!-- checkTrackingUrlConfigurationOrderShipment -->
  <testcase classname="com.superlemon.RegressionTest" name="VerifyEnableWabaPopUp" time="0.0">
    <ignored/>
  </testcase> <!-- VerifyEnableWabaPopUp -->
  <testcase classname="com.superlemon.RegressionTest" name="checkDiscountTextInclusionInOrderEmailTemplate" time="0.0">
    <ignored/>
  </testcase> <!-- checkDiscountTextInclusionInOrderEmailTemplate -->
  <testcase classname="com.superlemon.RegressionTest" name="VerifySortingByAscAndDescInEmailLogs" time="0.0">
    <ignored/>
  </testcase> <!-- VerifySortingByAscAndDescInEmailLogs -->
  <testcase classname="com.superlemon.RegressionTest" name="VerifyOptinPopUp" time="0.0">
    <ignored/>
  </testcase> <!-- VerifyOptinPopUp -->
  <testcase classname="com.superlemon.RegressionTest" name="checkConfirmOptInOnThankYouPageForNumberAddedInCheckout" time="0.0">
    <ignored/>
  </testcase> <!-- checkConfirmOptInOnThankYouPageForNumberAddedInCheckout -->
  <testcase classname="com.superlemon.RegressionTest" name="VerifyAutomationTutorial" time="0.0">
    <ignored/>
  </testcase> <!-- VerifyAutomationTutorial -->
  <testcase classname="com.superlemon.RegressionTest" name="VerifyFilterResultInEmailLogs" time="0.0">
    <ignored/>
  </testcase> <!-- VerifyFilterResultInEmailLogs -->
  <testcase classname="com.superlemon.RegressionTest" name="verifySpinWheelAfterWins" time="0.0">
    <ignored/>
  </testcase> <!-- verifySpinWheelAfterWins -->
  <testcase classname="com.superlemon.RegressionTest" name="VerifyClearSearchByNameTxtbox" time="0.0">
    <ignored/>
  </testcase> <!-- VerifyClearSearchByNameTxtbox -->
  <testcase classname="com.superlemon.RegressionTest" name="verifyAutomatedPromotionalTabNote" time="0.0">
    <ignored/>
  </testcase> <!-- verifyAutomatedPromotionalTabNote -->
  <testcase classname="com.superlemon.RegressionTest" name="verifyCustomerPredefinedVariable" time="0.0">
    <ignored/>
  </testcase> <!-- verifyCustomerPredefinedVariable -->
  <testcase classname="com.superlemon.RegressionTest" name="verifyDisableAnalytics" time="0.0">
    <ignored/>
  </testcase> <!-- verifyDisableAnalytics -->
  <testcase classname="com.superlemon.RegressionTest" name="checkStartingDateValidationClickAnalytics" time="0.0">
    <ignored/>
  </testcase> <!-- checkStartingDateValidationClickAnalytics -->
  <testcase classname="com.superlemon.RegressionTest" name="VerifyCampaignTemplatesTutorial" time="0.0">
    <ignored/>
  </testcase> <!-- VerifyCampaignTemplatesTutorial -->
  <testcase classname="com.superlemon.RegressionTest" name="checkChatIconMessage" time="0.0">
    <ignored/>
  </testcase> <!-- checkChatIconMessage -->
  <testcase classname="com.superlemon.RegressionTest" name="verifyCustomerPredefinedVariableAndVerifyMarketCampaigns" time="0.0">
    <ignored/>
  </testcase> <!-- verifyCustomerPredefinedVariableAndVerifyMarketCampaigns -->
  <testcase classname="com.superlemon.RegressionTest" name="verifyOrderCRMNoteManualMessagingPage" time="0.0">
    <ignored/>
  </testcase> <!-- verifyOrderCRMNoteManualMessagingPage -->
  <testcase classname="com.superlemon.RegressionTest" name="VerifyImageMediaType" time="0.0">
    <ignored/>
  </testcase> <!-- VerifyImageMediaType -->
  <testcase classname="com.superlemon.RegressionTest" name="verifySendMessage" time="0.0">
    <ignored/>
  </testcase> <!-- verifySendMessage -->
  <testcase classname="com.superlemon.RegressionTest" name="VerifyDataTableRowCount" time="0.0">
    <ignored/>
  </testcase> <!-- VerifyDataTableRowCount -->
  <testcase classname="com.superlemon.RegressionTest" name="checkChatClickCount" time="0.0">
    <ignored/>
  </testcase> <!-- checkChatClickCount -->
  <testcase classname="com.superlemon.RegressionTest" name="verifyNamesDisplay" time="0.0">
    <ignored/>
  </testcase> <!-- verifyNamesDisplay -->
  <testcase classname="com.superlemon.RegressionTest" name="VerifyDuplicateTemplateName" time="0.0">
    <ignored/>
  </testcase> <!-- VerifyDuplicateTemplateName -->
  <testcase classname="com.superlemon.RegressionTest" name="checkEnableDisableGreetings" time="0.0">
    <ignored/>
  </testcase> <!-- checkEnableDisableGreetings -->
  <testcase classname="com.superlemon.RegressionTest" name="verifyNoTagMsg" time="0.0">
    <ignored/>
  </testcase> <!-- verifyNoTagMsg -->
  <testcase classname="com.superlemon.RegressionTest" name="verifyCloseSendMsgPopup" time="0.0">
    <ignored/>
  </testcase> <!-- verifyCloseSendMsgPopup -->
  <testcase classname="com.superlemon.RegressionTest" name="verifyMessagelanguageSection" time="0.0">
    <ignored/>
  </testcase> <!-- verifyMessagelanguageSection -->
  <testcase classname="com.superlemon.RegressionTest" name="VerifyCategoryForTemplate" time="0.0">
    <ignored/>
  </testcase> <!-- VerifyCategoryForTemplate -->
  <testcase classname="com.superlemon.RegressionTest" name="VerifyOldProPlanNote" time="0.0">
    <ignored/>
  </testcase> <!-- VerifyOldProPlanNote -->
  <testcase classname="com.superlemon.RegressionTest" name="VerifyFaceBookBusinessManagerID" time="0.0">
    <ignored/>
  </testcase> <!-- VerifyFaceBookBusinessManagerID -->
  <testcase classname="com.superlemon.RegressionTest" name="VerifyCustomerGroupsTutorial" time="0.0">
    <ignored/>
  </testcase> <!-- VerifyCustomerGroupsTutorial -->
  <testcase classname="com.superlemon.RegressionTest" name="verifyEmptyTagCategoryField" time="0.0">
    <ignored/>
  </testcase> <!-- verifyEmptyTagCategoryField -->
  <testcase classname="com.superlemon.RegressionTest" name="VerifyMessageInstallbuttontutorial" time="0.0">
    <ignored/>
  </testcase> <!-- VerifyMessageInstallbuttontutorial -->
  <testcase classname="com.superlemon.RegressionTest" name="VerifyABcarttemplate" time="0.0">
    <ignored/>
  </testcase> <!-- VerifyABcarttemplate -->
  <testcase classname="com.superlemon.RegressionTest" name="checkCODEmailTemplateTagsUpdation" time="0.0">
    <ignored/>
  </testcase> <!-- checkCODEmailTemplateTagsUpdation -->
  <testcase classname="com.superlemon.RegressionTest" name="VerifyCustomerGroupCondition" time="0.0">
    <ignored/>
  </testcase> <!-- VerifyCustomerGroupCondition -->
  <testcase classname="com.superlemon.RegressionTest" name="checkCountryCodeValidationCODCallSetting" time="0.0">
    <ignored/>
  </testcase> <!-- checkCountryCodeValidationCODCallSetting -->
  <testcase classname="com.superlemon.RegressionTest" name="VerifySupportMediaTypes" time="0.0">
    <ignored/>
  </testcase> <!-- VerifySupportMediaTypes -->
  <testcase classname="com.superlemon.RegressionTest" name="verifyCustomTemplateExceptCustomVariable" time="0.0">
    <ignored/>
  </testcase> <!-- verifyCustomTemplateExceptCustomVariable -->
  <testcase classname="com.superlemon.RegressionTest" name="checkRandomizeAgentOption" time="0.0">
    <ignored/>
  </testcase> <!-- checkRandomizeAgentOption -->
  <testcase classname="com.superlemon.RegressionTest" name="verifyFreeGetStarted" time="0.0">
    <ignored/>
  </testcase> <!-- verifyFreeGetStarted -->
  <testcase classname="com.superlemon.RegressionTest" name="verifyCustomsTemplates" time="0.0">
    <ignored/>
  </testcase> <!-- verifyCustomsTemplates -->
  <testcase classname="com.superlemon.RegressionTest" name="checkSelectUnselectCODEmailTemplateCancellationCheckboxes" time="0.0">
    <ignored/>
  </testcase> <!-- checkSelectUnselectCODEmailTemplateCancellationCheckboxes -->
  <testcase classname="com.superlemon.RegressionTest" name="VerifyEditTemplateName" time="0.0">
    <ignored/>
  </testcase> <!-- VerifyEditTemplateName -->
  <testcase classname="com.superlemon.RegressionTest" name="VerifyOldFreePlanNote" time="0.0">
    <ignored/>
  </testcase> <!-- VerifyOldFreePlanNote -->
  <testcase classname="com.superlemon.RegressionTest" name="VerifyColourofOptinviachatwidget" time="0.0">
    <ignored/>
  </testcase> <!-- VerifyColourofOptinviachatwidget -->
  <testcase classname="com.superlemon.RegressionTest" name="VerifyCampaignTemplatesGuide" time="0.0">
    <ignored/>
  </testcase> <!-- VerifyCampaignTemplatesGuide -->
  <testcase classname="com.superlemon.RegressionTest" name="VerifyLatestSortedTimestampInEmailLogs" time="0.0">
    <ignored/>
  </testcase> <!-- VerifyLatestSortedTimestampInEmailLogs -->
  <testcase classname="com.superlemon.RegressionTest" name="verifyPromotionalHyperlinks" time="0.0">
    <ignored/>
  </testcase> <!-- verifyPromotionalHyperlinks -->
  <testcase classname="com.superlemon.RegressionTest" name="VerifyDeleteUserGroup" time="0.0">
    <ignored/>
  </testcase> <!-- VerifyDeleteUserGroup -->
  <testcase classname="com.superlemon.RegressionTest" name="VerifyOldFreeKnowMoreBtn" time="0.0">
    <ignored/>
  </testcase> <!-- VerifyOldFreeKnowMoreBtn -->
  <testcase classname="com.superlemon.RegressionTest" name="verifyOldFreeGetStarted" time="0.0">
    <ignored/>
  </testcase> <!-- verifyOldFreeGetStarted -->
  <testcase classname="com.superlemon.RegressionTest" name="verifySpinWheelOnce" time="0.0">
    <ignored/>
  </testcase> <!-- verifySpinWheelOnce -->
  <testcase classname="com.superlemon.RegressionTest" name="verifyShareBtnDesign" time="0.0">
    <ignored/>
  </testcase> <!-- verifyShareBtnDesign -->
  <testcase classname="com.superlemon.RegressionTest" name="VerifyMediaTypeinCampaignTemplates" time="0.0">
    <ignored/>
  </testcase> <!-- VerifyMediaTypeinCampaignTemplates -->
  <testcase classname="com.superlemon.RegressionTest" name="VerifyAbdandedCartNewTemplateMsg" time="0.0">
    <ignored/>
  </testcase> <!-- VerifyAbdandedCartNewTemplateMsg -->
  <testcase classname="com.superlemon.RegressionTest" name="verifyUpgradePlans" time="0.0">
    <ignored/>
  </testcase> <!-- verifyUpgradePlans -->
  <testcase classname="com.superlemon.RegressionTest" name="VerifyOptinviaChatwidgetEnable" time="0.0">
    <ignored/>
  </testcase> <!-- VerifyOptinviaChatwidgetEnable -->
  <testcase classname="com.superlemon.RegressionTest" name="VerifyDataTableRowCountInEmailLogs" time="0.0">
    <ignored/>
  </testcase> <!-- VerifyDataTableRowCountInEmailLogs -->
  <testcase classname="com.superlemon.RegressionTest" name="verifyGrowthGetStarted" time="0.0">
    <ignored/>
  </testcase> <!-- verifyGrowthGetStarted -->
  <testcase classname="com.superlemon.RegressionTest" name="verifyCreatedTags" time="0.0">
    <ignored/>
  </testcase> <!-- verifyCreatedTags -->
  <testcase classname="com.superlemon.RegressionTest" name="checkOptInUsingPopUp" time="0.0">
    <ignored/>
  </testcase> <!-- checkOptInUsingPopUp -->
  <testcase classname="com.superlemon.RegressionTest" name="verifyMarketCampaignsValidations" time="0.0">
    <ignored/>
  </testcase> <!-- verifyMarketCampaignsValidations -->
  <testcase classname="com.superlemon.RegressionTest" name="verifyTagsButtons" time="0.0">
    <ignored/>
  </testcase> <!-- verifyTagsButtons -->
  <testcase classname="com.superlemon.RegressionTest" name="VerifyClearSearchByNameTxtboxEnableDisableInEmailLogs" time="0.0">
    <ignored/>
  </testcase> <!-- VerifyClearSearchByNameTxtboxEnableDisableInEmailLogs -->
  <testcase classname="com.superlemon.RegressionTest" name="VerifyPagePlaceholders" time="0.0">
    <ignored/>
  </testcase> <!-- VerifyPagePlaceholders -->
  <testcase classname="com.superlemon.RegressionTest" name="VerifyVideoMediaType" time="0.0">
    <ignored/>
  </testcase> <!-- VerifyVideoMediaType -->
  <testcase classname="com.superlemon.RegressionTest" name="verifyOldFreeUpdatePlan" time="0.0">
    <ignored/>
  </testcase> <!-- verifyOldFreeUpdatePlan -->
  <testcase classname="com.superlemon.RegressionTest" name="VerifyPreviewOptInHyperlink" time="0.0">
    <ignored/>
  </testcase> <!-- VerifyPreviewOptInHyperlink -->
  <testcase classname="com.superlemon.RegressionTest" name="checkCheckoutOptinApproved" time="0.0">
    <ignored/>
  </testcase> <!-- checkCheckoutOptinApproved -->
  <testcase classname="com.superlemon.RegressionTest" name="checkAgentOfflineMessageongreetings" time="0.0">
    <ignored/>
  </testcase> <!-- checkAgentOfflineMessageongreetings -->
  <testcase classname="com.superlemon.RegressionTest" name="checkSettingsEnableOnEnablingTemplate" time="0.0">
    <ignored/>
  </testcase> <!-- checkSettingsEnableOnEnablingTemplate -->
  <testcase classname="com.superlemon.RegressionTest" name="verifySendTemplateRedirectWApage" time="0.0">
    <ignored/>
  </testcase> <!-- verifySendTemplateRedirectWApage -->
  <testcase classname="com.superlemon.RegressionTest" name="verifyQuestionMarkIconStartGuide" time="0.0">
    <ignored/>
  </testcase> <!-- verifyQuestionMarkIconStartGuide -->
  <testcase classname="com.superlemon.RegressionTest" name="checkAddFixedDiscountABCARTEmailTemplate" time="0.0">
    <ignored/>
  </testcase> <!-- checkAddFixedDiscountABCARTEmailTemplate -->
  <testcase classname="com.superlemon.RegressionTest" name="verifyOldUltimateUpdatePlan" time="0.0">
    <ignored/>
  </testcase> <!-- verifyOldUltimateUpdatePlan -->
  <testcase classname="com.superlemon.RegressionTest" name="verifyEditTagName" time="0.0">
    <ignored/>
  </testcase> <!-- verifyEditTagName -->
  <testcase classname="com.superlemon.RegressionTest" name="verifyMessagingTemplatesButtons" time="0.0">
    <ignored/>
  </testcase> <!-- verifyMessagingTemplatesButtons -->
  <testcase classname="com.superlemon.RegressionTest" name="VerifyOldUltimatePlanNote" time="0.0">
    <ignored/>
  </testcase> <!-- VerifyOldUltimatePlanNote -->
  <testcase classname="com.superlemon.RegressionTest" name="checkSupportNumberEmptyValidation" time="0.0">
    <ignored/>
  </testcase> <!-- checkSupportNumberEmptyValidation -->
  <testcase classname="com.superlemon.RegressionTest" name="verifyEmptyTemplateMessageField" time="0.0">
    <ignored/>
  </testcase> <!-- verifyEmptyTemplateMessageField -->
  <testcase classname="com.superlemon.RegressionTest" name="verifyOldProUpdatePlan" time="0.0">
    <ignored/>
  </testcase> <!-- verifyOldProUpdatePlan -->
  <testcase classname="com.superlemon.RegressionTest" name="verifyTagPopup" time="0.0">
    <ignored/>
  </testcase> <!-- verifyTagPopup -->
  <testcase classname="com.superlemon.RegressionTest" name="VerifyClearFilterTags" time="0.0">
    <ignored/>
  </testcase> <!-- VerifyClearFilterTags -->
  <testcase classname="com.superlemon.RegressionTest" name="verifyFeatureListNewStore" time="0.0">
    <ignored/>
  </testcase> <!-- verifyFeatureListNewStore -->
  <testcase classname="com.superlemon.RegressionTest" name="VerifyClearSearchByNameTxtboxEnableDisable" time="0.0">
    <ignored/>
  </testcase> <!-- VerifyClearSearchByNameTxtboxEnableDisable -->
  <testcase classname="com.superlemon.RegressionTest" name="VerifyNewFreeKnowMoreBtn" time="0.0">
    <ignored/>
  </testcase> <!-- VerifyNewFreeKnowMoreBtn -->
  <testcase classname="com.superlemon.RegressionTest" name="VerifyOldUltimateFeatureList" time="0.0">
    <ignored/>
  </testcase> <!-- VerifyOldUltimateFeatureList -->
  <testcase classname="com.superlemon.RegressionTest" name="VerifyOrderDataTable" time="0.0">
    <ignored/>
  </testcase> <!-- VerifyOrderDataTable -->
  <testcase classname="com.superlemon.RegressionTest" name="VerifyEngagePlanGreetingTile" time="0.0">
    <ignored/>
  </testcase> <!-- VerifyEngagePlanGreetingTile -->
  <testcase classname="com.superlemon.RegressionTest" name="verifyClosePopupTemplate" time="0.0">
    <ignored/>
  </testcase> <!-- verifyClosePopupTemplate -->
  <testcase classname="com.superlemon.RegressionTest" name="checkEmailValidationCODEmailTemplatesCallSetting" time="0.0">
    <ignored/>
  </testcase> <!-- checkEmailValidationCODEmailTemplatesCallSetting -->
  <testcase classname="com.superlemon.RegressionTest" name="verifyGetDiscountSpinWheelMsg" time="0.0">
    <ignored/>
  </testcase> <!-- verifyGetDiscountSpinWheelMsg -->
  <testcase classname="com.superlemon.RegressionTest" name="VerifyDocumentWarning" time="0.0">
    <ignored/>
  </testcase> <!-- VerifyDocumentWarning -->
  <testcase classname="com.superlemon.RegressionTest" name="VerifyOptinviaChatPreview" time="0.0">
    <ignored/>
  </testcase> <!-- VerifyOptinviaChatPreview -->
  <testcase classname="com.superlemon.RegressionTest" name="verifyEmptyTagFields" time="0.0">
    <ignored/>
  </testcase> <!-- verifyEmptyTagFields -->
  <testcase classname="com.superlemon.RegressionTest" name="VerifyCustomerGroupDetails" time="0.0">
    <ignored/>
  </testcase> <!-- VerifyCustomerGroupDetails -->
  <testcase classname="com.superlemon.RegressionTest" name="verifySubSectionUnderSettings" time="0.0">
    <ignored/>
  </testcase> <!-- verifySubSectionUnderSettings -->
  <testcase classname="com.superlemon.RegressionTest" name="VerifyDiscardBtnOnCreateTemplate" time="0.0">
    <ignored/>
  </testcase> <!-- VerifyDiscardBtnOnCreateTemplate -->
  <testcase classname="com.superlemon.RegressionTest" name="checkChangeDesignChatButton" time="0.0">
    <ignored/>
  </testcase> <!-- checkChangeDesignChatButton -->
  <testcase classname="com.superlemon.RegressionTest" name="verifyMinMaxDiscountSection" time="0.0">
    <ignored/>
  </testcase> <!-- verifyMinMaxDiscountSection -->
  <testcase classname="com.superlemon.RegressionTest" name="checkAddFixedDiscountABCARTTemplate" time="0.0">
    <ignored/>
  </testcase> <!-- checkAddFixedDiscountABCARTTemplate -->
  <testcase classname="com.superlemon.RegressionTest" name="verifyLanguageInTemplate" time="0.0">
    <ignored/>
  </testcase> <!-- verifyLanguageInTemplate -->
  <testcase classname="com.superlemon.RegressionTest" name="VerifyTypeOfOrderDisplay" time="0.0">
    <ignored/>
  </testcase> <!-- VerifyTypeOfOrderDisplay -->
  <testcase classname="com.superlemon.RegressionTest" name="verifyWhatsAPPConfigSettings" time="0.0">
    <ignored/>
  </testcase> <!-- verifyWhatsAPPConfigSettings -->
  <testcase classname="com.superlemon.RegressionTest" name="VerifyPageNavigation" time="0.0">
    <ignored/>
  </testcase> <!-- VerifyPageNavigation -->
  <testcase classname="com.superlemon.RegressionTest" name="VerifyCheckoutCheckbox" time="0.0">
    <ignored/>
  </testcase> <!-- VerifyCheckoutCheckbox -->
  <testcase classname="com.superlemon.RegressionTest" name="checkcallout" time="0.0">
    <ignored/>
  </testcase> <!-- checkcallout -->
  <testcase classname="com.superlemon.RegressionTest" name="VerifyFilterOption" time="0.0">
    <ignored/>
  </testcase> <!-- VerifyFilterOption -->
  <testcase classname="com.superlemon.RegressionTest" name="checkPhoneNumberValidationCODEmailTemplateCallSetting" time="0.0">
    <ignored/>
  </testcase> <!-- checkPhoneNumberValidationCODEmailTemplateCallSetting -->
  <testcase classname="com.superlemon.RegressionTest" name="verifyHyperlinkSettings" time="0.0">
    <ignored/>
  </testcase> <!-- verifyHyperlinkSettings -->
  <testcase classname="com.superlemon.RegressionTest" name="VerifyCreatedFilteroptionCampaign" time="0.0">
    <ignored/>
  </testcase> <!-- VerifyCreatedFilteroptionCampaign -->
  <testcase classname="com.superlemon.RegressionTest" name="VerifyHyperlinkNavigation" time="0.0">
    <ignored/>
  </testcase> <!-- VerifyHyperlinkNavigation -->
  <testcase classname="com.superlemon.RegressionTest" name="verifySubsectionUnderChatSetting" time="0.0">
    <ignored/>
  </testcase> <!-- verifySubsectionUnderChatSetting -->
  <testcase classname="com.superlemon.RegressionTest" name="VerifyAbcartNotRecoveredisNotinNumofOrderAndTotalOrder" time="0.0">
    <ignored/>
  </testcase> <!-- VerifyAbcartNotRecoveredisNotinNumofOrderAndTotalOrder -->
  <testcase classname="com.superlemon.RegressionTest" name="VerifyClickBack" time="0.0">
    <ignored/>
  </testcase> <!-- VerifyClickBack -->
  <testcase classname="com.superlemon.RegressionTest" name="VerifyOldFreeFeatureList" time="0.0">
    <ignored/>
  </testcase> <!-- VerifyOldFreeFeatureList -->
  <testcase classname="com.superlemon.RegressionTest" name="verifyOptinSourceAsCheckout" time="0.0">
    <ignored/>
  </testcase> <!-- verifyOptinSourceAsCheckout -->
  <testcase classname="com.superlemon.RegressionTest" name="checkAddDiscountOrderConfirmation" time="0.0">
    <ignored/>
  </testcase> <!-- checkAddDiscountOrderConfirmation -->
  <testcase classname="com.superlemon.RegressionTest" name="checkDateSpecificClickAnalytics" time="0.0">
    <ignored/>
  </testcase> <!-- checkDateSpecificClickAnalytics -->
  <testcase classname="com.superlemon.RegressionTest" name="VerifyTagsinOrderCRM" time="0.0">
    <ignored/>
  </testcase> <!-- VerifyTagsinOrderCRM -->
  <testcase classname="com.superlemon.RegressionTest" name="VerifyInValidEmail" time="0.0">
    <ignored/>
  </testcase> <!-- VerifyInValidEmail -->
  <testcase classname="com.superlemon.RegressionTest" name="VerifyDocsCampaign" time="0.0">
    <ignored/>
  </testcase> <!-- VerifyDocsCampaign -->
  <testcase classname="com.superlemon.RegressionTest" name="verifySavedTag" time="0.0">
    <ignored/>
  </testcase> <!-- verifySavedTag -->
  <testcase classname="com.superlemon.RegressionTest" name="VerifyNewFreePromotionalKnowMoreBtn" time="0.0">
    <ignored/>
  </testcase> <!-- VerifyNewFreePromotionalKnowMoreBtn -->
  <testcase classname="com.superlemon.RegressionTest" name="checkOrderShipmentLanguageUpdation" time="0.0">
    <ignored/>
  </testcase> <!-- checkOrderShipmentLanguageUpdation -->
  <testcase classname="com.superlemon.RegressionTest" name="VerifyOrderConfirmationMessageLog" time="0.0">
    <ignored/>
  </testcase> <!-- VerifyOrderConfirmationMessageLog -->
  <testcase classname="com.superlemon.RegressionTest" name="verifySelectDesign" time="0.0">
    <ignored/>
  </testcase> <!-- verifySelectDesign -->
  <testcase classname="com.superlemon.RegressionTest" name="verifyPromotionalIncludeExcludeDicount" time="0.0">
    <ignored/>
  </testcase> <!-- verifyPromotionalIncludeExcludeDicount -->
  <testcase classname="com.superlemon.RegressionTest" name="verifyCustomerOrderDetails" time="0.0">
    <ignored/>
  </testcase> <!-- verifyCustomerOrderDetails -->
  <testcase classname="com.superlemon.RegressionTest" name="checkCODConfirmationPageCallAndEmailDetailsAddition" time="0.0">
    <ignored/>
  </testcase> <!-- checkCODConfirmationPageCallAndEmailDetailsAddition -->
  <testcase classname="com.superlemon.RegressionTest" name="checkAddDiscountABCARTEmailTemplate" time="0.0">
    <ignored/>
  </testcase> <!-- checkAddDiscountABCARTEmailTemplate -->
  <testcase classname="com.superlemon.RegressionTest" name="VerifyInvalidLogin" time="0.0">
    <ignored/>
  </testcase> <!-- VerifyInvalidLogin -->
  <testcase classname="com.superlemon.RegressionTest" name="VerifyTimestampInAttemptedSectionInEmailLogs" time="0.0">
    <ignored/>
  </testcase> <!-- VerifyTimestampInAttemptedSectionInEmailLogs -->
  <testcase classname="com.superlemon.RegressionTest" name="checkMessageLogsPage" time="0.0">
    <ignored/>
  </testcase> <!-- checkMessageLogsPage -->
  <testcase classname="com.superlemon.RegressionTest" name="CheckValidMarketingCampaign_MonthlyLimitUsingSpinner" time="0.0">
    <ignored/>
  </testcase> <!-- CheckValidMarketingCampaign_MonthlyLimitUsingSpinner -->
  <testcase classname="com.superlemon.RegressionTest" name="VerifyFilterTextBelowOrderIDInEmailLogs" time="0.0">
    <ignored/>
  </testcase> <!-- VerifyFilterTextBelowOrderIDInEmailLogs -->
  <testcase classname="com.superlemon.RegressionTest" name="checkGreetingsCardSettings" time="0.0">
    <ignored/>
  </testcase> <!-- checkGreetingsCardSettings -->
  <testcase classname="com.superlemon.RegressionTest" name="VerifycreateCutomtemplateWithSuffixandDelete" time="0.0">
    <ignored/>
  </testcase> <!-- VerifycreateCutomtemplateWithSuffixandDelete -->
  <testcase classname="com.superlemon.RegressionTest" name="VerifyOrderStatusDataTable" time="0.0">
    <ignored/>
  </testcase> <!-- VerifyOrderStatusDataTable -->
  <testcase classname="com.superlemon.RegressionTest" name="checkDisableOptinStoreFront" time="0.0">
    <ignored/>
  </testcase> <!-- checkDisableOptinStoreFront -->
  <testcase classname="com.superlemon.RegressionTest" name="VerifyAbcartCheckBoxChecked" time="0.0">
    <ignored/>
  </testcase> <!-- VerifyAbcartCheckBoxChecked -->
  <testcase classname="com.superlemon.RegressionTest" name="checkOptinPopUpPhoneNumberEmptyValidations" time="0.0">
    <ignored/>
  </testcase> <!-- checkOptinPopUpPhoneNumberEmptyValidations -->
  <testcase classname="com.superlemon.RegressionTest" name="VerifyClearFilterAbandonedCart" time="0.0">
    <ignored/>
  </testcase> <!-- VerifyClearFilterAbandonedCart -->
  <testcase classname="com.superlemon.RegressionTest" name="checkAgentOfflineMessageAsAlert" time="0.0">
    <ignored/>
  </testcase> <!-- checkAgentOfflineMessageAsAlert -->
  <testcase classname="com.superlemon.RegressionTest" name="checkEnableOptinStoreFront" time="0.0">
    <ignored/>
  </testcase> <!-- checkEnableOptinStoreFront -->
  <testcase classname="com.superlemon.RegressionTest" name="VerifySendMessageinAB_CART" time="0.0">
    <ignored/>
  </testcase> <!-- VerifySendMessageinAB_CART -->
  <testcase classname="com.superlemon.RegressionTest" name="checkStoreOfflineMessageOnStoreOnAlertPopup" time="0.0">
    <ignored/>
  </testcase> <!-- checkStoreOfflineMessageOnStoreOnAlertPopup -->
  <testcase classname="com.superlemon.RegressionTest" name="verifyUserNotWinDiscount" time="0.0">
    <ignored/>
  </testcase> <!-- verifyUserNotWinDiscount -->
  <testcase classname="com.superlemon.RegressionTest" name="VerifyDefaultFilteroptionCampaign" time="0.0">
    <ignored/>
  </testcase> <!-- VerifyDefaultFilteroptionCampaign -->
  <testcase classname="com.superlemon.RegressionTest" name="VerifyErrorMessageForVideoCampaign" time="0.0">
    <ignored/>
  </testcase> <!-- VerifyErrorMessageForVideoCampaign -->
  <testcase classname="com.superlemon.RegressionTest" name="VerifyDataTableAbandonedCart" time="0.0">
    <ignored/>
  </testcase> <!-- VerifyDataTableAbandonedCart -->
  <testcase classname="com.superlemon.RegressionTest" name="verifyOptinSourceAsWidget" time="0.0">
    <ignored/>
  </testcase> <!-- verifyOptinSourceAsWidget -->
  <testcase classname="com.superlemon.RegressionTest" name="VerifyCheckoutConfig" time="0.0">
    <ignored/>
  </testcase> <!-- VerifyCheckoutConfig -->
  <testcase classname="com.superlemon.RegressionTest" name="checkDisableSettingsOnDisablingEmailTemplate" time="0.0">
    <ignored/>
  </testcase> <!-- checkDisableSettingsOnDisablingEmailTemplate -->
  <testcase classname="com.superlemon.RegressionTest" name="VerifyPageNavigationInEmailLogs" time="0.0">
    <ignored/>
  </testcase> <!-- VerifyPageNavigationInEmailLogs -->
  <testcase classname="com.superlemon.RegressionTest" name="verifyContactusRatingFeature" time="0.0">
    <ignored/>
  </testcase> <!-- verifyContactusRatingFeature -->
  <testcase classname="com.superlemon.RegressionTest" name="VerifyOldProFeatureList" time="0.0">
    <ignored/>
  </testcase> <!-- VerifyOldProFeatureList -->
  <testcase classname="com.superlemon.RegressionTest" name="verifyStatusColumnInEmailLogs" time="0.0">
    <ignored/>
  </testcase> <!-- verifyStatusColumnInEmailLogs -->
  <testcase classname="com.superlemon.RegressionTest" name="VerifySettingsChange" time="0.0">
    <ignored/>
  </testcase> <!-- VerifySettingsChange -->
  <testcase classname="com.superlemon.RegressionTest" name="VerifySelectdesignforOptinviachatwidget" time="0.0">
    <ignored/>
  </testcase> <!-- VerifySelectdesignforOptinviachatwidget -->
  <testcase classname="com.superlemon.RegressionTest" name="verifyEditTag" time="0.0">
    <ignored/>
  </testcase> <!-- verifyEditTag -->
  <testcase classname="com.superlemon.RegressionTest" name="checkEmailValidationCODCallSetting" time="0.0">
    <ignored/>
  </testcase> <!-- checkEmailValidationCODCallSetting -->
  <testcase classname="com.superlemon.RegressionTest" name="verifyAbandonedNoteManualMessagingPage" time="0.0">
    <ignored/>
  </testcase> <!-- verifyAbandonedNoteManualMessagingPage -->
  <testcase classname="com.superlemon.RegressionTest" name="VerifyValidationsApplicationForm" time="0.0">
    <ignored/>
  </testcase> <!-- VerifyValidationsApplicationForm -->
  <testcase classname="com.superlemon.RegressionTest" name="VerifyTemplateContents" time="0.0">
    <ignored/>
  </testcase> <!-- VerifyTemplateContents -->
  <testcase classname="com.superlemon.RegressionTest" name="verifyMaxMinDiscountText" time="0.0">
    <ignored/>
  </testcase> <!-- verifyMaxMinDiscountText -->
  <testcase classname="com.superlemon.RegressionTest" name="VerifyOptinviaChatwidgetDisable" time="0.0">
    <ignored/>
  </testcase> <!-- VerifyOptinviaChatwidgetDisable -->
  <testcase classname="com.superlemon.RegressionTest" name="VerifyThankyouPageOptin" time="0.0">
    <ignored/>
  </testcase> <!-- VerifyThankyouPageOptin -->
  <testcase classname="com.superlemon.RegressionTest" name="verifyDesktopSpinwheel" time="0.0">
    <ignored/>
  </testcase> <!-- verifyDesktopSpinwheel -->
  <testcase classname="com.superlemon.RegressionTest" name="verifyfilterforcolumns" time="0.0">
    <ignored/>
  </testcase> <!-- verifyfilterforcolumns -->
  <testcase classname="com.superlemon.RegressionTest" name="checkOptinPopupDisplayedOnStore" time="0.0">
    <ignored/>
  </testcase> <!-- checkOptinPopupDisplayedOnStore -->
  <testcase classname="com.superlemon.RegressionTest" name="checkInvalidMarketingCampaignUsageLimit" time="0.0">
    <ignored/>
  </testcase> <!-- checkInvalidMarketingCampaignUsageLimit -->
  <testcase classname="com.superlemon.RegressionTest" name="VerifyOptinWidgetsTutorial" time="0.0">
    <ignored/>
  </testcase> <!-- VerifyOptinWidgetsTutorial -->
  <testcase classname="com.superlemon.RegressionTest" name="VerifyMyWhatsappTutorial" time="0.0">
    <ignored/>
  </testcase> <!-- VerifyMyWhatsappTutorial -->
  <testcase classname="com.superlemon.RegressionTest" name="VerifyTextandHelptextinOptinviaChatwidget" time="0.0">
    <ignored/>
  </testcase> <!-- VerifyTextandHelptextinOptinviaChatwidget -->
  <testcase classname="com.superlemon.RegressionTest" name="VerifyFreeFeatureList" time="0.0">
    <ignored/>
  </testcase> <!-- VerifyFreeFeatureList -->
  <testcase classname="com.superlemon.RegressionTest" name="checkSupportNumberInvalidValidation" time="0.0">
    <ignored/>
  </testcase> <!-- checkSupportNumberInvalidValidation -->
  <testcase classname="com.superlemon.RegressionTest" name="VerifySortingByAscAndDesc" time="0.0">
    <ignored/>
  </testcase> <!-- VerifySortingByAscAndDesc -->
  <testcase classname="com.superlemon.RegressionTest" name="checkTrackingUrlConfigurationOrderShipmentEmailTemplate" time="0.0">
    <ignored/>
  </testcase> <!-- checkTrackingUrlConfigurationOrderShipmentEmailTemplate -->
  <testcase classname="com.superlemon.RegressionTest" name="verifychatbuttondisplay" time="0.0">
    <ignored/>
  </testcase> <!-- verifychatbuttondisplay -->
  <testcase classname="com.superlemon.RegressionTest" name="VerifyAmountDisplay" time="0.0">
    <ignored/>
  </testcase> <!-- VerifyAmountDisplay -->
  <testcase classname="com.superlemon.RegressionTest" name="VerifyEnableDisableOfTemplate" time="0.0">
    <ignored/>
  </testcase> <!-- VerifyEnableDisableOfTemplate -->
  <testcase classname="com.superlemon.RegressionTest" name="verifyEmptyTemplateCategoryField" time="0.0">
    <ignored/>
  </testcase> <!-- verifyEmptyTemplateCategoryField -->
  <testcase classname="com.superlemon.RegressionTest" name="checkCODLanguageUpdation" time="0.0">
    <ignored/>
  </testcase> <!-- checkCODLanguageUpdation -->
  <testcase classname="com.superlemon.RegressionTest" name="checkValidationEmptyInvalidSupportEmails" time="0.0">
    <ignored/>
  </testcase> <!-- checkValidationEmptyInvalidSupportEmails -->
  <testcase classname="com.superlemon.RegressionTest" name="checkABCARTLanguageUpdation" time="0.0">
    <ignored/>
  </testcase> <!-- checkABCARTLanguageUpdation -->
  <testcase classname="com.superlemon.RegressionTest" name="verifyNamesDisplayInEmailLogs" time="0.0">
    <ignored/>
  </testcase> <!-- verifyNamesDisplayInEmailLogs -->
  <testcase classname="com.superlemon.RegressionTest" name="verifysharewidgetdisplay" time="0.0">
    <ignored/>
  </testcase> <!-- verifysharewidgetdisplay -->
  <testcase classname="com.superlemon.RegressionTest" name="VerifyWidgetsection" time="0.0">
    <ignored/>
  </testcase> <!-- VerifyWidgetsection -->
  <testcase classname="com.superlemon.RegressionTest" name="verifyColumnsHeader" time="0.0">
    <ignored/>
  </testcase> <!-- verifyColumnsHeader -->
  <testcase classname="com.superlemon.RegressionTest" name="verifySendButtonDisabledOnSendMsgPopup" time="0.0">
    <ignored/>
  </testcase> <!-- verifySendButtonDisabledOnSendMsgPopup -->
  <testcase classname="com.superlemon.RegressionTest" name="verifyTemplateLimit" time="0.0">
    <ignored/>
  </testcase> <!-- verifyTemplateLimit -->
  <testcase classname="com.superlemon.RegressionTest" name="VerifyQuickReplytemplate" time="0.0">
    <ignored/>
  </testcase> <!-- VerifyQuickReplytemplate -->
  <testcase classname="com.superlemon.RegressionTest" name="verifySearchByOrderIDinEmailLogs" time="0.0">
    <ignored/>
  </testcase> <!-- verifySearchByOrderIDinEmailLogs -->
  <testcase classname="com.superlemon.RegressionTest" name="verifySendTemplateRedirectWAapp" time="0.0">
    <ignored/>
  </testcase> <!-- verifySendTemplateRedirectWAapp -->
  <testcase classname="com.superlemon.RegressionTest" name="VerifyCloseSettingPopup" time="0.0">
    <ignored/>
  </testcase> <!-- VerifyCloseSettingPopup -->
  <testcase classname="com.superlemon.RegressionTest" name="verifyEditTemplate" time="0.0">
    <ignored/>
  </testcase> <!-- verifyEditTemplate -->
  <testcase classname="com.superlemon.RegressionTest" name="verifyPrevtNavigation" time="0.0">
    <ignored/>
  </testcase> <!-- verifyPrevtNavigation -->
  <testcase classname="com.superlemon.RegressionTest" name="VerifyUserGroupEdit" time="0.0">
    <ignored/>
  </testcase> <!-- VerifyUserGroupEdit -->
  <testcase classname="com.superlemon.RegressionTest" name="ChangeTextandMessageShareBtn" time="0.0">
    <ignored/>
  </testcase> <!-- ChangeTextandMessageShareBtn -->
  <testcase classname="com.superlemon.RegressionTest" name="verifyEmptyTagNameField" time="0.0">
    <ignored/>
  </testcase> <!-- verifyEmptyTagNameField -->
  <testcase classname="com.superlemon.RegressionTest" name="verifySearchByName" time="0.0">
    <ignored/>
  </testcase> <!-- verifySearchByName -->
  <testcase classname="com.superlemon.RegressionTest" name="VerifyVideoCampaign" time="0.0">
    <ignored/>
  </testcase> <!-- VerifyVideoCampaign -->
  <testcase classname="com.superlemon.RegressionTest" name="checkDiscountTextInclusionInABCartEmailTemplate" time="0.0">
    <ignored/>
  </testcase> <!-- checkDiscountTextInclusionInABCartEmailTemplate -->
  <testcase classname="com.superlemon.RegressionTest" name="verifySearchByNameInEmailLogs" time="0.0">
    <ignored/>
  </testcase> <!-- verifySearchByNameInEmailLogs -->
  <testcase classname="com.superlemon.RegressionTest" name="verifyTimestampcolumn" time="0.0">
    <ignored/>
  </testcase> <!-- verifyTimestampcolumn -->
  <testcase classname="com.superlemon.RegressionTest" name="VerifyThankyouWidgetHyperlink" time="0.0">
    <ignored/>
  </testcase> <!-- VerifyThankyouWidgetHyperlink -->
  <testcase classname="com.superlemon.RegressionTest" name="checkEmailTemplateCODConfirmationPageCallAndEmailDetailsAddition" time="0.0">
    <ignored/>
  </testcase> <!-- checkEmailTemplateCODConfirmationPageCallAndEmailDetailsAddition -->
  <testcase classname="com.superlemon.RegressionTest" name="checkSettingsDisabledOnDisablingTemplate" time="0.0">
    <ignored/>
  </testcase> <!-- checkSettingsDisabledOnDisablingTemplate -->
  <testcase classname="com.superlemon.RegressionTest" name="VerifyClearFilterORDERCRM" time="0.0">
    <ignored/>
  </testcase> <!-- VerifyClearFilterORDERCRM -->
  <testcase classname="com.superlemon.RegressionTest" name="verifyCreateCustomGrpsAndValidation" time="0.0">
    <ignored/>
  </testcase> <!-- verifyCreateCustomGrpsAndValidation -->
  <testcase classname="com.superlemon.RegressionTest" name="checkCustomBrandNameAdditionInEmailSubject" time="0.0">
    <ignored/>
  </testcase> <!-- checkCustomBrandNameAdditionInEmailSubject -->
  <testcase classname="com.superlemon.RegressionTest" name="VerifyAbcartRecoveredisinNumofOrder" time="0.0">
    <ignored/>
  </testcase> <!-- VerifyAbcartRecoveredisinNumofOrder -->
  <testcase classname="com.superlemon.RegressionTest" name="verifyPricingChartHyperlinks" time="0.0">
    <ignored/>
  </testcase> <!-- verifyPricingChartHyperlinks -->
  <testcase classname="com.superlemon.RegressionTest" name="verifyMiniumumOffsetvalue" time="0.0">
    <ignored/>
  </testcase> <!-- verifyMiniumumOffsetvalue -->
  <testcase classname="com.superlemon.RegressionTest" name="VerifyCrossSellCheckBoxChecked" time="0.0">
    <ignored/>
  </testcase> <!-- VerifyCrossSellCheckBoxChecked -->
  <testcase classname="com.superlemon.RegressionTest" name="verifyCustomerOptions" time="0.0">
    <ignored/>
  </testcase> <!-- verifyCustomerOptions -->
  <testcase classname="com.superlemon.RegressionTest" name="verifySubTabsManualMessagingPage" time="0.0">
    <ignored/>
  </testcase> <!-- verifySubTabsManualMessagingPage -->
  <testcase classname="com.superlemon.RegressionTest" name="checkOptinLanguage" time="0.0">
    <ignored/>
  </testcase> <!-- checkOptinLanguage -->
  <testcase classname="com.superlemon.RegressionTest" name="VerifyWhatsAppNoAlreadyExists" time="0.0">
    <ignored/>
  </testcase> <!-- VerifyWhatsAppNoAlreadyExists -->
  <testcase classname="com.superlemon.RegressionTest" name="VerifyApplyTagsinAB_CART" time="0.0">
    <ignored/>
  </testcase> <!-- VerifyApplyTagsinAB_CART -->
  <testcase classname="com.superlemon.RegressionTest" name="VerifyUnavailableLogin" time="0.0">
    <ignored/>
  </testcase> <!-- VerifyUnavailableLogin -->
  <testcase classname="com.superlemon.RegressionTest" name="VerifyFilterTextBelowOrderID" time="0.0">
    <ignored/>
  </testcase> <!-- VerifyFilterTextBelowOrderID -->
  <testcase classname="com.superlemon.RegressionTest" name="verifyNote" time="0.0">
    <ignored/>
  </testcase> <!-- verifyNote -->
  <testcase classname="com.superlemon.RegressionTest" name="checkOrderCRMLanguageUpdation" time="0.0">
    <ignored/>
  </testcase> <!-- checkOrderCRMLanguageUpdation -->
  <testcase classname="com.superlemon.RegressionTest" name="VerifyDownloadReport" time="0.0">
    <ignored/>
  </testcase> <!-- VerifyDownloadReport -->
  <testcase classname="com.superlemon.RegressionTest" name="checkSettingsEnabledOnEnablingEmailTemplate" time="0.0">
    <ignored/>
  </testcase> <!-- checkSettingsEnabledOnEnablingEmailTemplate -->
  <testcase classname="com.superlemon.RegressionTest" name="VerifyClearSearchByNameTxtboxInEmailLogs" time="0.0">
    <ignored/>
  </testcase> <!-- VerifyClearSearchByNameTxtboxInEmailLogs -->
  <testcase classname="com.superlemon.RegressionTest" name="VerifyAbcartValue" time="0.0">
    <ignored/>
  </testcase> <!-- VerifyAbcartValue -->
  <testcase classname="com.superlemon.RegressionTest" name="VerifyDocumentMediaType" time="0.0">
    <ignored/>
  </testcase> <!-- VerifyDocumentMediaType -->
  <testcase classname="com.superlemon.RegressionTest" name="verifyCancelPopup" time="0.0">
    <ignored/>
  </testcase> <!-- verifyCancelPopup -->
  <testcase classname="com.superlemon.RegressionTest" name="verifyRedirectWhatsappweb" time="0.0">
    <ignored/>
  </testcase> <!-- verifyRedirectWhatsappweb -->
  <testcase classname="com.superlemon.RegressionTest" name="checkShopifyBrandNameAdditionInEmailSubject" time="0.0">
    <ignored/>
  </testcase> <!-- checkShopifyBrandNameAdditionInEmailSubject -->
  <testcase classname="com.superlemon.RegressionTest" name="verifyNoTemplateMsg" time="0.0">
    <ignored/>
  </testcase> <!-- verifyNoTemplateMsg -->
  <testcase classname="com.superlemon.RegressionTest" name="verifyNextNavigation" time="0.0">
    <ignored/>
  </testcase> <!-- verifyNextNavigation -->
  <testcase classname="com.superlemon.RegressionTest" name="checkCODTagsUpdation" time="0.0">
    <ignored/>
  </testcase> <!-- checkCODTagsUpdation -->
  <testcase classname="com.superlemon.RegressionTest" name="verifyStatusColumn" time="0.0">
    <ignored/>
  </testcase> <!-- verifyStatusColumn -->
  <testcase classname="com.superlemon.RegressionTest" name="checkThankYouPageOptin" time="0.0">
    <ignored/>
  </testcase> <!-- checkThankYouPageOptin -->
  <testcase classname="com.superlemon.RegressionTest" name="verifyFreeUpdatePlan" time="0.0">
    <ignored/>
  </testcase> <!-- verifyFreeUpdatePlan -->
  <testcase classname="com.superlemon.RegressionTest" name="verifyCrossSellDicountInterval" time="0.0">
    <ignored/>
  </testcase> <!-- verifyCrossSellDicountInterval -->
  <testcase classname="com.superlemon.RegressionTest" name="VerifyTagsinAB_CART" time="0.0">
    <ignored/>
  </testcase> <!-- VerifyTagsinAB_CART -->
  <testcase classname="com.superlemon.RegressionTest" name="verifyNotesManualMessagingPage" time="0.0">
    <ignored/>
  </testcase> <!-- verifyNotesManualMessagingPage -->
  <testcase classname="com.superlemon.RegressionTest" name="VerifyOptinPopupAddCart" time="0.0">
    <ignored/>
  </testcase> <!-- VerifyOptinPopupAddCart -->
  <testcase classname="com.superlemon.RegressionTest" name="VerifyCancelSettingButton" time="0.0">
    <ignored/>
  </testcase> <!-- VerifyCancelSettingButton -->
  <testcase classname="com.superlemon.RegressionTest" name="verfiyMaxMonthsDateFilerAnalyticsPage" time="0.0">
    <ignored/>
  </testcase> <!-- verfiyMaxMonthsDateFilerAnalyticsPage -->
  <testcase classname="com.superlemon.RegressionTest" name="VerifyImageWarning" time="0.0">
    <ignored/>
  </testcase> <!-- VerifyImageWarning -->
  <testcase classname="com.superlemon.RegressionTest" name="VerifyViewonStoreSpinwheel" time="0.0">
    <ignored/>
  </testcase> <!-- VerifyViewonStoreSpinwheel -->
  <testcase classname="com.superlemon.RegressionTest" name="verifyOptinSourceAsSpinWheel" time="0.0">
    <ignored/>
  </testcase> <!-- verifyOptinSourceAsSpinWheel -->
  <testcase classname="com.superlemon.RegressionTest" name="VerifyEngagePlanContent" time="0.0">
    <ignored/>
  </testcase> <!-- VerifyEngagePlanContent -->
  <testcase classname="com.superlemon.RegressionTest" name="checkInvalidPhoneAlertMessage" time="0.0">
    <ignored/>
  </testcase> <!-- checkInvalidPhoneAlertMessage -->
  <testcase classname="com.superlemon.RegressionTest" name="VerifyOrderCRMtemplate" time="0.0">
    <ignored/>
  </testcase> <!-- VerifyOrderCRMtemplate -->
  <testcase classname="com.superlemon.RegressionTest" name="verifyChangeplansRecommened" time="0.0">
    <ignored/>
  </testcase> <!-- verifyChangeplansRecommened -->
  <testcase classname="com.superlemon.RegressionTest" name="verifydisplaypostionsharebutton" time="0.0">
    <ignored/>
  </testcase> <!-- verifydisplaypostionsharebutton -->
  <testcase classname="com.superlemon.RegressionTest" name="verifySearchByOrderID" time="0.0">
    <ignored/>
  </testcase> <!-- verifySearchByOrderID -->
  <testcase classname="com.superlemon.RegressionTest" name="VerifyDeselectCheckboxes" time="0.0">
    <ignored/>
  </testcase> <!-- VerifyDeselectCheckboxes -->
  <testcase classname="com.superlemon.RegressionTest" name="checkEmptyValidationForBrandName" time="0.0">
    <ignored/>
  </testcase> <!-- checkEmptyValidationForBrandName -->
  <testcase classname="com.superlemon.RegressionTest" name="VerifyRunCampaign" time="0.0">
    <ignored/>
  </testcase> <!-- VerifyRunCampaign -->
  <testcase classname="com.superlemon.RegressionTest" name="VerifyTypeOfOrderDisplayInEmailLogs" time="0.0">
    <ignored/>
  </testcase> <!-- VerifyTypeOfOrderDisplayInEmailLogs -->
  <testcase classname="com.superlemon.RegressionTest" name="VerifyGrowthFeatureList" time="0.0">
    <ignored/>
  </testcase> <!-- VerifyGrowthFeatureList -->
  <testcase classname="com.superlemon.RegressionTest" name="verifyCancelSendMsgPopup" time="0.0">
    <ignored/>
  </testcase> <!-- verifyCancelSendMsgPopup -->
  <testcase classname="com.superlemon.RegressionTest" name="VerifyDocumentfileSizeLimit" time="0.0">
    <ignored/>
  </testcase> <!-- VerifyDocumentfileSizeLimit -->
  <testcase classname="com.superlemon.RegressionTest" name="verifyFreePlansPage" time="0.0">
    <ignored/>
  </testcase> <!-- verifyFreePlansPage -->
  <testcase classname="com.superlemon.RegressionTest" name="VerifyUserlimitPopup" time="0.0">
    <ignored/>
  </testcase> <!-- VerifyUserlimitPopup -->
  <testcase classname="com.superlemon.RegressionTest" name="checkPersonalWidgetPageNavigation" time="0.0">
    <ignored/>
  </testcase> <!-- checkPersonalWidgetPageNavigation -->
  <testcase classname="com.superlemon.RegressionTest" name="VerifyCountryCodeOfSpinTheWheel" time="0.0">
    <ignored/>
  </testcase> <!-- VerifyCountryCodeOfSpinTheWheel -->
  <testcase classname="com.superlemon.RegressionTest" name="verifyOldProGetStarted" time="0.0">
    <ignored/>
  </testcase> <!-- verifyOldProGetStarted -->
  <testcase classname="com.superlemon.RegressionTest" name="VerifyWhatsAppDetails" time="0.0">
    <ignored/>
  </testcase> <!-- VerifyWhatsAppDetails -->
  <testcase classname="com.superlemon.RegressionTest" name="verifyChatButtonWhenStoreOffline" time="0.0">
    <ignored/>
  </testcase> <!-- verifyChatButtonWhenStoreOffline -->
  <testcase classname="com.superlemon.RegressionTest" name="checkDesktopHeightOffsetShareButton" time="0.0">
    <ignored/>
  </testcase> <!-- checkDesktopHeightOffsetShareButton -->
  <testcase classname="com.superlemon.RegressionTest" name="VerifyFilterResult" time="0.0">
    <ignored/>
  </testcase> <!-- VerifyFilterResult -->
  <testcase classname="com.superlemon.RegressionTest" name="VerifyAbcartCheckBoxUnchecked" time="0.0">
    <ignored/>
  </testcase> <!-- VerifyAbcartCheckBoxUnchecked -->
  <testcase classname="com.superlemon.RegressionTest" name="VerifyCartpageCheck" time="0.0">
    <ignored/>
  </testcase> <!-- VerifyCartpageCheck -->
  <testcase classname="com.superlemon.RegressionTest" name="verifyAgentAssistCountryCode" time="0.0">
    <ignored/>
  </testcase> <!-- verifyAgentAssistCountryCode -->
  <testcase classname="com.superlemon.RegressionTest" name="verifyCreateTemplateField" time="0.0">
    <ignored/>
  </testcase> <!-- verifyCreateTemplateField -->
  <testcase classname="com.superlemon.RegressionTest" name="verifyOldUltimateGetStarted" time="0.0">
    <ignored/>
  </testcase> <!-- verifyOldUltimateGetStarted -->
  <testcase classname="com.superlemon.RegressionTest" name="verifyOrderCountDisplay" time="0.0">
    <ignored/>
  </testcase> <!-- verifyOrderCountDisplay -->
  <testcase classname="com.superlemon.RegressionTest" name="checkThankYouPageOptinEnabledByDefaultNote" time="0.0">
    <ignored/>
  </testcase> <!-- checkThankYouPageOptinEnabledByDefaultNote -->
  <testcase classname="com.superlemon.RegressionTest" name="VerifyErrorDocsCampaign" time="0.0">
    <ignored/>
  </testcase> <!-- VerifyErrorDocsCampaign -->
  <testcase classname="com.superlemon.RegressionTest" name="verifyPlaceholderMessageTemplate" time="0.0">
    <ignored/>
  </testcase> <!-- verifyPlaceholderMessageTemplate -->
  <testcase classname="com.superlemon.RegressionTest" name="VerifyOldUltimateKnowMoreBtn" time="0.0">
    <ignored/>
  </testcase> <!-- VerifyOldUltimateKnowMoreBtn -->
  <testcase classname="com.superlemon.RegressionTest" name="checkStoreOfflineMessageOnStoreOnGreetingsCard" time="0.0">
    <ignored/>
  </testcase> <!-- checkStoreOfflineMessageOnStoreOnGreetingsCard -->
  <testcase classname="com.superlemon.RegressionTest" name="verifyEmptyTemplateNameField" time="0.0">
    <ignored/>
  </testcase> <!-- verifyEmptyTemplateNameField -->
  <testcase classname="com.superlemon.RegressionTest" name="verifySubscriptionValidations" time="0.0">
    <ignored/>
  </testcase> <!-- verifySubscriptionValidations -->
  <testcase classname="com.superlemon.RegressionTest" name="verifySendMsgPopup" time="0.0">
    <ignored/>
  </testcase> <!-- verifySendMsgPopup -->
  <testcase classname="com.superlemon.RegressionTest" name="VerifycreateMarketCampaignsstatus" time="0.0">
    <ignored/>
  </testcase> <!-- VerifycreateMarketCampaignsstatus -->
  <testcase classname="com.superlemon.RegressionTest" name="checkPhoneNumberValidationCODCallSetting" time="0.0">
    <ignored/>
  </testcase> <!-- checkPhoneNumberValidationCODCallSetting -->
  <testcase classname="com.superlemon.RegressionTest" name="VerifyNoteOnOrderShipmentTemplate" time="0.0">
    <ignored/>
  </testcase> <!-- VerifyNoteOnOrderShipmentTemplate -->
  <testcase classname="com.superlemon.RegressionTest" name="verifyCustomTemplateWithfileUpload" time="0.0">
    <ignored/>
  </testcase> <!-- verifyCustomTemplateWithfileUpload -->
  <testcase classname="com.superlemon.RegressionTest" name="VerifyAmountDisplayinEmailLogs" time="0.0">
    <ignored/>
  </testcase> <!-- VerifyAmountDisplayinEmailLogs -->
  <testcase classname="com.superlemon.RegressionTest" name="VerifyImageCampaign" time="0.0">
    <ignored/>
  </testcase> <!-- VerifyImageCampaign -->
  <testcase classname="com.superlemon.RegressionTest" name="verifySubsectionUnderShareSetting" time="0.0">
    <ignored/>
  </testcase> <!-- verifySubsectionUnderShareSetting -->
  <testcase classname="com.superlemon.RegressionTest" name="VerifyOrderConfirmationMessageLogInEmailLogss" time="0.0">
    <ignored/>
  </testcase> <!-- VerifyOrderConfirmationMessageLogInEmailLogss -->
  <testcase classname="com.superlemon.RegressionTest" name="verifyCustomerWinbackFeedBackDicountInterval" time="0.0">
    <ignored/>
  </testcase> <!-- verifyCustomerWinbackFeedBackDicountInterval -->
  <testcase classname="com.superlemon.RegressionTest" name="verifyClearAllButtonOnFilter" time="0.0">
    <ignored/>
  </testcase> <!-- verifyClearAllButtonOnFilter -->
  <testcase classname="com.superlemon.RegressionTest" name="checkChatWidgetHeightAndEdgeOffset" time="0.0">
    <ignored/>
  </testcase> <!-- checkChatWidgetHeightAndEdgeOffset -->
  <testcase classname="com.superlemon.RegressionTest" name="VerifyLatestSortedTimestamp" time="0.0">
    <ignored/>
  </testcase> <!-- VerifyLatestSortedTimestamp -->
  <testcase classname="com.superlemon.RegressionTest" name="VerifyThankyouPreview" time="0.0">
    <ignored/>
  </testcase> <!-- VerifyThankyouPreview -->
  <testcase classname="com.superlemon.RegressionTest" name="checkExportSuccess" time="0.0">
    <ignored/>
  </testcase> <!-- checkExportSuccess -->
  <testcase classname="com.superlemon.RegressionTest" name="VerifyNoteOnCODTemplate" time="0.0">
    <ignored/>
  </testcase> <!-- VerifyNoteOnCODTemplate -->
  <testcase classname="com.superlemon.RegressionTest" name="checkAddFixedDiscountOderConfirmationTemplate" time="0.0">
    <ignored/>
  </testcase> <!-- checkAddFixedDiscountOderConfirmationTemplate -->
  <testcase classname="com.superlemon.RegressionTest" name="VerifyMyCampaignsTutorial" time="0.0">
    <ignored/>
  </testcase> <!-- VerifyMyCampaignsTutorial -->
  <testcase classname="com.superlemon.RegressionTest" name="checkEmailLogsPage" time="0.0">
    <ignored/>
  </testcase> <!-- checkEmailLogsPage -->
  <testcase classname="com.superlemon.RegressionTest" name="verifySavedTemplate" time="0.0">
    <ignored/>
  </testcase> <!-- verifySavedTemplate -->
  <testcase classname="com.superlemon.RegressionTest" name="VerifyErrorMessageForImageCampaign" time="0.0">
    <ignored/>
  </testcase> <!-- VerifyErrorMessageForImageCampaign -->
  <testcase classname="com.superlemon.RegressionTest" name="VerifyGOBackBtnOnCreateTemplate" time="0.0">
    <ignored/>
  </testcase> <!-- VerifyGOBackBtnOnCreateTemplate -->
  <testcase classname="com.superlemon.RegressionTest" name="VerifySubscribeButtonRedirection" time="0.0">
    <ignored/>
  </testcase> <!-- VerifySubscribeButtonRedirection -->
  <testcase classname="com.superlemon.RegressionTest" name="VerifyImagefileSizeLimit" time="0.0">
    <ignored/>
  </testcase> <!-- VerifyImagefileSizeLimit -->
  <testcase classname="com.superlemon.RegressionTest" name="VerifyViewCampaignandRedirection" time="0.0">
    <ignored/>
  </testcase> <!-- VerifyViewCampaignandRedirection -->
  <testcase classname="com.superlemon.RegressionTest" name="verifyTagLimit" time="0.0">
    <ignored/>
  </testcase> <!-- verifyTagLimit -->
  <testcase classname="com.superlemon.RegressionTest" name="verfiyAnalyticsPageSections" time="0.0">
    <ignored/>
  </testcase> <!-- verfiyAnalyticsPageSections -->
  <testcase classname="com.superlemon.RegressionTest" name="verifyCancelPopupTemplate" time="0.0">
    <ignored/>
  </testcase> <!-- verifyCancelPopupTemplate -->
  <testcase classname="com.superlemon.RegressionTest" name="verifyDuplicateTemplate" time="0.0">
    <ignored/>
  </testcase> <!-- verifyDuplicateTemplate -->
  <testcase classname="com.superlemon.RegressionTest" name="VerifyClearButton" time="0.0">
    <ignored/>
  </testcase> <!-- VerifyClearButton -->
  <testcase classname="com.superlemon.RegressionTest" name="verifyEnableDisableAndSettings" time="0.0">
    <ignored/>
  </testcase> <!-- verifyEnableDisableAndSettings -->
  <testcase classname="com.superlemon.RegressionTest" name="verifyDiscountInTemplate" time="0.0">
    <ignored/>
  </testcase> <!-- verifyDiscountInTemplate -->
  <testcase classname="com.superlemon.RegressionTest" name="verifyChatShareSpinCount" time="0.0">
    <ignored/>
  </testcase> <!-- verifyChatShareSpinCount -->
</testsuite> <!-- Verify Home Page in Shopify -->
