<?xml version="1.0" encoding="UTF-8"?>
<testng-results ignored="0" total="2" passed="2" failed="0" skipped="0">
  <reporter-output>
  </reporter-output>
  <suite started-at="2023-09-25T10:34:49Z" name="Parallel Test Suite" finished-at="2023-09-25T10:34:59Z" duration-ms="10505">
    <groups>
    </groups>
    <test started-at="2023-09-25T10:34:49Z" name="Admin Configuration Page" finished-at="2023-09-25T10:34:56Z" duration-ms="7393">
      <class name="test.testMakeChangeToConfigurationPage">
        <test-method signature="MakeChangeToConfigurationPage()[pri:0, instance:test.testMakeChangeToConfigurationPage@36c88a32]" started-at="2023-09-25T10:34:49Z" name="MakeChangeToConfigurationPage" finished-at="2023-09-25T10:34:56Z" duration-ms="7371" status="PASS">
          <reporter-output>
          </reporter-output>
        </test-method> <!-- MakeChangeToConfigurationPage -->
      </class> <!-- test.testMakeChangeToConfigurationPage -->
    </test> <!-- Admin Configuration Page -->
    <test started-at="2023-09-25T10:34:56Z" name="Other Page" finished-at="2023-09-25T10:34:59Z" duration-ms="3085">
      <class name="test.OtherPageTest">
        <test-method signature="testCheckChangeOnOtherPage()[pri:0, instance:test.OtherPageTest@2667f029]" started-at="2023-09-25T10:34:56Z" name="testCheckChangeOnOtherPage" finished-at="2023-09-25T10:34:59Z" duration-ms="3082" status="PASS">
          <reporter-output>
          </reporter-output>
        </test-method> <!-- testCheckChangeOnOtherPage -->
      </class> <!-- test.OtherPageTest -->
    </test> <!-- Other Page -->
  </suite> <!-- Parallel Test Suite -->
</testng-results>
